Build started 5/28/2012 4:03:07 PM.
     1>Project "C:\VisualStudio2010Progs_VCPP\Tracker7\Tracker7\Tracker7.vcxproj" on node 2 (rebuild target(s)).
     1>PrepareForBuild:
         Creating directory "C:\VisualStudio2010Progs_VCPP\Tracker7\Debug\".
       InitializeBuildStatus:
         Creating "Debug\Tracker7.unsuccessfulbuild" because "AlwaysCreate" was specified.
       ClCompile:
         c:\Program Files (x86)\Microsoft Visual Studio 10.0\VC\bin\CL.exe /c /ZI /nologo /W3 /WX- /Od /Oy- /D WIN32 /D _DEBUG /D _CONSOLE /D _UNICODE /D UNICODE /Gm /EHsc /RTC1 /MDd /GS /fp:precise /Zc:wchar_t /Zc:forScope /Fo"Debug\\" /Fd"Debug\vc100.pdb" /Gd /TP /analyze- /errorReport:prompt Tracker7.cpp
         Tracker7.cpp
       ManifestResourceCompile:
         C:\Program Files (x86)\Microsoft SDKs\Windows\v7.0A\bin\rc.exe /nologo /fo"Debug\Tracker7.exe.embed.manifest.res" Debug\Tracker7_manifest.rc 
       Link:
         c:\Program Files (x86)\Microsoft Visual Studio 10.0\VC\bin\link.exe /ERRORREPORT:PROMPT /OUT:"C:\VisualStudio2010Progs_VCPP\Tracker7\Debug\Tracker7.exe" /INCREMENTAL /NOLOGO opencv_calib3d220d.lib opencv_contrib220d.lib opencv_core220d.lib opencv_features2d220d.lib opencv_ffmpeg220d.lib opencv_flann220d.lib opencv_gpu220d.lib opencv_highgui220d.lib opencv_imgproc220d.lib opencv_legacy220d.lib opencv_ml220d.lib opencv_objdetect220d.lib opencv_video220d.lib kernel32.lib user32.lib gdi32.lib winspool.lib comdlg32.lib advapi32.lib shell32.lib ole32.lib oleaut32.lib uuid.lib odbc32.lib odbccp32.lib /MANIFEST /ManifestFile:"Debug\Tracker7.exe.intermediate.manifest" /MANIFESTUAC:"level='asInvoker' uiAccess='false'" /DEBUG /PDB:"C:\VisualStudio2010Progs_VCPP\Tracker7\Debug\Tracker7.pdb" /SUBSYSTEM:CONSOLE /TLBID:1 /DYNAMICBASE /NXCOMPAT /IMPLIB:"C:\VisualStudio2010Progs_VCPP\Tracker7\Debug\Tracker7.lib" /MACHINE:X86 Debug\Tracker7.exe.embed.manifest.res
         Debug\Tracker7.obj
       Manifest:
         Deleting file "Debug\Tracker7.exe.embed.manifest".
         C:\Program Files (x86)\Microsoft SDKs\Windows\v7.0A\bin\mt.exe /nologo /verbose /out:"Debug\Tracker7.exe.embed.manifest" /manifest Debug\Tracker7.exe.intermediate.manifest
         C:\Program Files (x86)\Microsoft SDKs\Windows\v7.0A\bin\rc.exe /nologo /fo"Debug\Tracker7.exe.embed.manifest.res" Debug\Tracker7_manifest.rc 
       LinkEmbedManifest:
         c:\Program Files (x86)\Microsoft Visual Studio 10.0\VC\bin\link.exe /ERRORREPORT:PROMPT /OUT:"C:\VisualStudio2010Progs_VCPP\Tracker7\Debug\Tracker7.exe" /INCREMENTAL /NOLOGO opencv_calib3d220d.lib opencv_contrib220d.lib opencv_core220d.lib opencv_features2d220d.lib opencv_ffmpeg220d.lib opencv_flann220d.lib opencv_gpu220d.lib opencv_highgui220d.lib opencv_imgproc220d.lib opencv_legacy220d.lib opencv_ml220d.lib opencv_objdetect220d.lib opencv_video220d.lib kernel32.lib user32.lib gdi32.lib winspool.lib comdlg32.lib advapi32.lib shell32.lib ole32.lib oleaut32.lib uuid.lib odbc32.lib odbccp32.lib /MANIFEST /ManifestFile:"Debug\Tracker7.exe.intermediate.manifest" /MANIFESTUAC:"level='asInvoker' uiAccess='false'" /DEBUG /PDB:"C:\VisualStudio2010Progs_VCPP\Tracker7\Debug\Tracker7.pdb" /SUBSYSTEM:CONSOLE /TLBID:1 /DYNAMICBASE /NXCOMPAT /IMPLIB:"C:\VisualStudio2010Progs_VCPP\Tracker7\Debug\Tracker7.lib" /MACHINE:X86 Debug\Tracker7.exe.embed.manifest.res
         Debug\Tracker7.obj
         Tracker7.vcxproj -> C:\VisualStudio2010Progs_VCPP\Tracker7\Debug\Tracker7.exe
       FinalizeBuildStatus:
         Deleting file "Debug\Tracker7.unsuccessfulbuild".
         Touching "Debug\Tracker7.lastbuildstate".
     1>Done Building Project "C:\VisualStudio2010Progs_VCPP\Tracker7\Tracker7\Tracker7.vcxproj" (rebuild target(s)).

Build succeeded.

Time Elapsed 00:00:05.98
